2025-12-10 13:15:18,300 - advanced_logging                     - INFO     - info message
2025-12-10 13:15:18,311 - advanced_logging                     - WARNING  - warn message
2025-12-10 13:15:18,318 - advanced_logging                     - ERROR    - error message
2025-12-10 13:15:18,324 - advanced_logging                     - CRITICAL - critical message
2025-12-10 13:19:11,642 - advanced_logging                     - INFO     - info message
2025-12-10 13:19:11,654 - advanced_logging                     - WARNING  - warn message
2025-12-10 13:19:11,661 - advanced_logging                     - ERROR    - error message
2025-12-10 13:19:11,671 - advanced_logging                     - CRITICAL - critical message
2025-12-10 13:15:18,300 - advanced_logging                     - INFO     - info message
2025-12-10 13:15:18,311 - advanced_logging                     - WARNING  - warn message
2025-12-10 13:15:18,318 - advanced_logging                     - ERROR    - error message
2025-12-10 13:15:18,324 - advanced_logging                     - CRITICAL - critical message
2025-12-10 13:19:11,642 - advanced_logging                     - INFO     - info message
2025-12-10 13:19:11,654 - advanced_logging                     - WARNING  - warn message
2025-12-10 13:19:11,661 - advanced_logging                     - ERROR    - error message
2025-12-10 13:19:11,671 - advanced_logging                     - CRITICAL - critical message
2025-12-10 13:19:11,642 - advanced_logging                     - INFO     - info message
2025-12-10 13:19:11,654 - advanced_logging                     - WARNING  - warn message
2025-12-10 13:19:11,661 - advanced_logging                     - ERROR    - error message
2025-12-10 13:19:11,671 - advanced_logging                     - CRITICAL - critical message
2025-12-10 13:19:11,642 - advanced_logging                     - INFO     - info message
2025-12-10 13:19:11,654 - advanced_logging                     - WARNING  - warn message
2025-12-10 13:19:11,661 - advanced_logging                     - ERROR    - error message
2025-12-10 13:19:11,671 - advanced_logging                     - CRITICAL - critical message
dvanced_logging         - CRITICAL - critical message
2025-12-10 13:15:18,324 - advanced_logging                     - CRITICAL - critical message
2025-12-10 13:19:11,642 - advanced_logging                     - INFO     - info message
2025-12-10 13:19:11,642 - advanced_logging         - INFO     - info message
2025-12-10 13:19:11,642 - advanced_logging                     - INFO     - info message
2025-12-10 13:19:11,654 - advanced_logging                     - WARNING  - warn message
2025-12-10 13:19:11,654 - advanced_logging         - WARNING  - warn message
2025-12-10 13:19:11,654 - advanced_logging                     - WARNING  - warn message
2025-12-10 13:19:11,661 - advanced_logging                     - ERROR    - error message
2025-12-10 13:19:11,661 - advanced_logging         - ERROR    - error message
2025-12-10 13:19:11,661 - advanced_logging                     - ERROR    - error message
2025-12-10 13:19:11,671 - advanced_logging                     - CRITICAL - critical message
2025-12-10 13:19:11,671 - advanced_logging         - CRITICAL - critical message
2025-12-10 13:19:11,671 - advanced_logging                     - CRITICAL - critical message
